20
40
0 294 736 640 196 313 856 662 255 89 519 679 234 542 36 353 161 413 596 4 166 144 713 866 880 494 530 882 697 847 672 838 654 841 532 110 827 561 93 893
31
0 485 706 425 670 514 389 730 355 900 431 752 37 75 396 15 508 432 790 633 742 139 308 154 451 78 340 360 755 318 787
42
0 263 591 586 130 114 312 418 97 282 119 858 358 746 307 392 311 612 805 624 879 537 220 149 59 800 693 634 593 491 677 100 769 546 136 43 258 7 273 859 5 44
46
0 379 864 35 342 685 442 321 61 376 590 115 401 286 171 757 169 189 405 277 747 158 486 142 734 55 513 766 22 740 229 456 133 793 251 399 420 51 647 28 566 299 597 291 886 125
50
0 71 67 238 763 516 265 541 404 483 433 87 8 536 470 231 547 292 325 317 134 328 168 779 214 6 146 503 604 473 484 244 383 91 738 243 584 250 844 428 658 70 600 825 445 210 522 598 33 667
51
0 617 197 727 815 241 143 820 796 687 775 804 504 245 326 232 301 588 656 877 81 172 160 57 406 760 237 777 457 765 187 467 835 430 497 582 539 339 544 684 427 665 816 843 334 249 201 459 550 840 898
43
0 576 3 218 828 770 153 783 131 812 848 436 811 462 771 84 890 614 629 892 642 861 330 609 381 199 397 58 553 72 279 799 74 851 259 21 310 831 346 479 349 319 525
43
0 653 683 103 613 344 77 555 622 732 505 409 512 797 849 164 502 90 230 501 794 378 631 261 298 356 663 824 121 567 881 509 31 895 246 305 411 80 239 786 865 850 862
51
0 885 618 65 256 545 632 830 899 32 79 855 481 191 655 857 772 449 306 571 817 498 426 650 753 385 515 443 559 891 48 359 705 569 370 745 150 873 534 39 127 85 468 579 332 224 703 802 717 458 829
42
0 408 415 671 228 488 289 190 260 896 47 29 813 860 454 267 702 180 419 236 200 803 350 108 73 748 268 50 211 316 181 781 402 105 789 122 320 101 543 297 106 608
59
0 155 102 41 193 528 186 219 407 854 281 253 377 68 351 646 217 554 10 207 274 194 707 801 638 45 606 778 178 674 615 424 876 140 676 341 450 557 666 523 552 464 235 711 733 416 897 124 46 806 610 521 192 173 810 422 562 510 792
48
0 723 225 719 223 833 868 715 589 722 52 581 762 206 754 660 17 888 673 309 575 639 347 386 252 568 807 572 170 756 324 692 179 369 264 872 601 472 718 560 739 118 819 744 878 644 529 839
45
0 216 846 635 373 365 152 620 92 726 580 680 623 96 132 435 737 24 630 19 63 26 538 637 511 98 563 603 455 626 627 712 681 540 565 184 853 837 302 558 809 871 599 398 226
52
0 471 661 117 137 465 16 533 123 570 475 88 784 682 686 657 495 382 592 203 391 270 338 743 414 774 474 254 602 390 556 394 198 499 441 651 870 145 95 767 526 438 222 594 333 38 2 798 336 735 296 40
45
0 400 69 664 112 768 652 248 478 213 500 109 842 446 99 64 595 524 720 388 884 791 266 867 368 619 531 823 227 323 496 1 773 120 832 887 14 808 56 375 721 616 578 821 204
50
0 141 42 126 280 625 374 283 611 678 759 195 507 417 240 157 11 549 440 636 361 894 448 751 429 348 25 487 30 162 314 329 364 76 874 490 605 331 272 788 836 822 434 453 761 551 138 104 284 367
37
0 621 461 20 53 288 174 668 607 303 698 27 165 54 506 724 869 659 202 675 764 889 384 94 780 208 221 574 785 694 343 469 49 159 156 708 410
47
0 688 116 463 704 834 275 177 209 23 741 641 695 573 176 315 135 749 357 648 371 13 287 447 257 147 421 818 776 548 295 480 167 577 128 233 585 262 826 852 62 460 335 113 285 111 782
48
0 643 212 690 352 327 423 362 175 691 354 66 669 452 725 535 731 729 163 883 183 795 587 322 492 709 583 645 758 466 714 518 86 476 527 393 276 372 710 107 12 403 701 439 863 247 83 699
50
0 300 82 182 366 34 628 129 700 444 293 9 185 564 412 363 380 750 290 482 814 387 689 18 649 242 395 60 304 437 696 493 845 151 728 520 205 517 477 489 716 875 148 269 278 271 337 345 188 215
