20
26
0 145 39 298 348 103 78 337 436 383 142 577 492 699 678 613 567 351 368 126 48 192 409 372 111 654
33
0 665 614 534 153 532 667 193 60 70 533 303 252 453 181 19 86 506 497 623 96 108 205 644 12 681 575 90 466 527 467 347 494
40
0 619 40 606 592 377 630 624 185 144 572 8 546 292 226 588 269 403 500 487 43 99 234 552 359 328 53 143 446 69 93 322 270 26 412 194 180 378 645 401
34
0 632 266 544 179 244 221 626 315 80 394 20 393 660 306 299 608 451 491 128 206 697 85 385 321 652 367 423 560 105 366 362 402 646
30
0 74 448 24 675 529 616 670 313 642 14 369 545 397 162 149 173 444 339 512 371 641 520 21 352 565 462 686 521 47
34
0 265 404 121 447 114 384 578 449 399 427 555 253 580 430 413 210 519 685 170 156 301 208 687 16 591 147 232 454 410 346 618 288 66
28
0 407 582 387 15 495 343 450 536 130 617 651 311 486 312 190 461 501 696 332 672 435 88 639 198 152 386 420
37
0 36 583 514 325 455 590 302 563 574 307 673 129 62 510 327 692 83 390 34 460 508 472 598 530 638 290 597 538 549 388 164 683 229 100 123 195
46
0 151 496 656 320 344 693 223 309 338 92 138 283 1 218 525 585 554 124 64 607 158 207 260 382 571 329 168 579 189 445 11 547 659 117 310 507 91 395 248 113 247 356 589 647 354
40
0 262 458 125 662 238 655 71 562 240 636 350 621 602 118 408 183 186 268 570 690 137 463 140 263 365 63 212 334 396 373 200 131 631 250 28 230 625 358 429
38
0 115 474 666 400 42 82 319 376 285 2 29 67 566 4 505 604 524 593 259 104 381 622 479 256 109 595 110 516 340 483 700 612 305 603 485 541 289
39
0 127 51 182 81 336 456 522 167 380 215 620 163 87 282 434 23 684 98 493 159 418 431 452 548 422 150 537 364 32 79 300 296 22 243 389 224 46 276
38
0 271 102 241 640 132 119 471 637 515 504 236 674 284 178 326 135 77 611 304 211 680 432 297 201 523 84 513 556 273 155 197 30 61 246 242 511 295
30
0 251 214 411 25 553 457 175 50 154 187 58 27 584 502 161 473 73 342 204 440 600 216 669 587 314 391 526 561 484
40
0 249 220 57 599 59 331 341 464 629 3 557 499 573 551 56 239 442 609 438 44 663 31 688 160 559 41 148 228 488 648 443 165 424 134 363 136 650 664 509
45
0 254 330 231 586 237 94 176 433 415 694 374 353 633 357 171 475 35 116 594 274 281 426 615 569 635 421 543 97 682 203 172 280 286 7 294 13 564 146 653 6 72 657 478 225
38
0 107 518 480 468 470 406 267 213 324 517 628 65 55 291 139 222 112 54 255 601 360 49 416 643 539 634 558 481 89 257 272 428 37 671 419 308 278
37
0 45 184 469 318 141 217 370 375 649 219 658 209 264 379 157 261 169 38 627 177 392 581 441 287 528 335 202 345 535 188 482 550 166 75 235 531
29
0 196 76 695 677 122 199 317 5 227 691 490 610 233 542 439 106 68 323 174 316 95 120 498 596 101 293 459 679
38
0 9 361 425 355 698 405 275 503 245 277 17 414 258 477 489 10 191 417 568 437 398 689 540 52 576 33 18 661 333 465 133 668 279 605 349 476 676
